Arguments: 
  C:\Users\DM5023534\workspace\datalake_ui_latest\frontend\node\node.exe C:\Users\DM5023534\workspace\datalake_ui_latest\frontend\node\yarn\dist\bin\yarn.js install --https-proxy=http://DM5023534:King%401234@10.119.32.71:8080 --proxy=http://DM5023534:King%401234@10.119.32.71:8080

PATH: 
  C:\Users\DM5023534\workspace\datalake_ui_latest\frontend\node;C:\Users\DM5023534\workspace\datalake_ui_latest\frontend\node\yarn\dist\bin;C:\Program Files (x86)\RSA SecurID Token Common;C:\ProgramData\Oracle\Java\javapath;C:\Windows\system32;C:\Windows;C:\Windows\System32\Wbem;C:\Windows\System32\WindowsPowerShell\v1.0\;C:\Program Files\nodejs\;C:\Program Files (x86)\Microsoft SQL Server\90\Tools\binn\;D:\DurgaprasadManuga\apache-maven-3.5.3\bin;C:\Program Files\nodejs\node_modules\npm\bin;C:\Users\DM5023534\AppData\Roaming\npm;

Yarn version: 
  1.5.1

Node version: 
  8.9.0

Platform: 
  win32 x64

npm manifest: 
  {
    "name": "datalakeui",
    "version": "0.0.0",
    "license": "MIT",
    "scripts": {
      "ng": "ng",
      "start": "ng serve  --proxy-config proxy.conf.json",
      "build": "ng build --prod",
      "test": "ng test",
      "lint": "ng lint",
      "e2e": "ng e2e"
    },
    "private": true,
    "dependencies": {
      "@agm/core": "^1.0.0-beta.2",
      "@angular/animations": "^5.2.7",
      "@angular/cdk": "^5.2.3",
      "@angular/common": "^5.2.0",
      "@angular/compiler": "^5.2.0",
      "@angular/core": "^5.2.0",
      "@angular/forms": "^5.2.0",
      "@angular/http": "^5.2.0",
      "@angular/material": "^5.2.3",
      "@angular/platform-browser": "^5.2.0",
      "@angular/platform-browser-dynamic": "^5.2.0",
      "@angular/router": "^5.2.0",
      "angular-bootstrap-md": "^5.1.2",
      "angular2-multiselect-dropdown": "^2.5.0",
      "bootstrap": "^4.0.0-beta.3",
      "chart.js": "^2.5.0",
      "core-js": "^2.4.1",
      "font-awesome": "^4.7.0",
      "hammerjs": "^2.0.8",
      "ngx-bootstrap": "^2.0.2",
      "rxjs": "^5.5.6",
      "zone.js": "^0.8.19"
    },
    "devDependencies": {
      "@angular/cli": "1.6.8",
      "@angular/compiler-cli": "^5.2.0",
      "@angular/language-service": "^5.2.0",
      "@types/jasmine": "~2.8.3",
      "@types/jasminewd2": "~2.0.2",
      "@types/node": "~6.0.60",
      "codelyzer": "^4.0.1",
      "jasmine-core": "~2.8.0",
      "jasmine-spec-reporter": "~4.2.1",
      "karma": "~2.0.0",
      "karma-chrome-launcher": "~2.2.0",
      "karma-coverage-istanbul-reporter": "^1.2.1",
      "karma-jasmine": "~1.1.0",
      "karma-jasmine-html-reporter": "^0.2.2",
      "protractor": "~5.1.2",
      "ts-node": "~4.1.0",
      "tslint": "~5.9.1",
      "typescript": "~2.5.3"
    }
  }

yarn manifest: 
  No manifest

Lockfile: 
  No lockfile

Trace: 
  Error: self signed certificate in certificate chain
      at TLSSocket.<anonymous> (_tls_wrap.js:1103:38)
      at emitNone (events.js:106:13)
      at TLSSocket.emit (events.js:208:7)
      at TLSSocket._finishInit (_tls_wrap.js:637:8)
      at TLSWrap.ssl.onhandshakedone (_tls_wrap.js:467:38)
